-------------------------------------------------------------------------------
Test set: TestSuite
-------------------------------------------------------------------------------
Tests run: 6, Failures: 1, Errors: 0, Skipped: 0, Time elapsed: 152.651 s <<< FAILURE! - in TestSuite
cucumberOptions.TestNGTestRunner.runScenario["Search Experience for product search in both home and offers page", "Search and Place the order for Products"](5)  Time elapsed: 112.234 s  <<< FAILURE!
java.lang.AssertionError: expected [Beetroot] but found [No data]

